CRITICAL - 2022-04-05 00:30:07 --> Invalid file: head.php
#0 C:\xampp\htdocs\cube-health\system\View\View.php(198): CodeIgniter\Exceptions\FrameworkException::forInvalidFile('head.php')
#1 C:\xampp\htdocs\cube-health\system\Common.php(1089): CodeIgniter\View\View->render('head.php', Array, true)
#2 C:\xampp\htdocs\cube-health\app\Views\cms\home_view.php(1): view('head.php')
#3 C:\xampp\htdocs\cube-health\system\View\View.php(210): include('C:\\xampp\\htdocs...')
#4 C:\xampp\htdocs\cube-health\system\View\View.php(213): CodeIgniter\View\View->CodeIgniter\View\{closure}()
#5 C:\xampp\htdocs\cube-health\system\Common.php(1089): CodeIgniter\View\View->render('cms/home_view', Array, true)
#6 C:\xampp\htdocs\cube-health\app\Controllers\UserController.php(106): view('cms/home_view')
#7 C:\xampp\htdocs\cube-health\system\CodeIgniter.php(832): App\Controllers\UserController->home()
#8 C:\xampp\htdocs\cube-health\system\CodeIgniter.php(419): CodeIgniter\CodeIgniter->runController(Object(App\Controllers\UserController))
#9 C:\xampp\htdocs\cube-health\system\CodeIgniter.php(326): CodeIgniter\CodeIgniter->handleRequest(NULL, Object(Config\Cache), false)
#10 C:\xampp\htdocs\cube-health\public\index.php(37): CodeIgniter\CodeIgniter->run()
#11 {main}
CRITICAL - 2022-04-05 00:44:22 --> Invalid file: head.php
#0 C:\xampp\htdocs\cube-health\system\View\View.php(198): CodeIgniter\Exceptions\FrameworkException::forInvalidFile('head.php')
#1 C:\xampp\htdocs\cube-health\system\Common.php(1089): CodeIgniter\View\View->render('head.php', Array, true)
#2 C:\xampp\htdocs\cube-health\app\Views\cms\home_view.php(1): view('head.php')
#3 C:\xampp\htdocs\cube-health\system\View\View.php(210): include('C:\\xampp\\htdocs...')
#4 C:\xampp\htdocs\cube-health\system\View\View.php(213): CodeIgniter\View\View->CodeIgniter\View\{closure}()
#5 C:\xampp\htdocs\cube-health\system\Common.php(1089): CodeIgniter\View\View->render('cms/home_view', Array, true)
#6 C:\xampp\htdocs\cube-health\app\Controllers\UserController.php(106): view('cms/home_view')
#7 C:\xampp\htdocs\cube-health\system\CodeIgniter.php(832): App\Controllers\UserController->home()
#8 C:\xampp\htdocs\cube-health\system\CodeIgniter.php(419): CodeIgniter\CodeIgniter->runController(Object(App\Controllers\UserController))
#9 C:\xampp\htdocs\cube-health\system\CodeIgniter.php(326): CodeIgniter\CodeIgniter->handleRequest(NULL, Object(Config\Cache), false)
#10 C:\xampp\htdocs\cube-health\public\index.php(37): CodeIgniter\CodeIgniter->run()
#11 {main}
CRITICAL - 2022-04-05 00:59:42 --> Invalid file: head.php
#0 C:\xampp\htdocs\cube-health\system\View\View.php(198): CodeIgniter\Exceptions\FrameworkException::forInvalidFile('head.php')
#1 C:\xampp\htdocs\cube-health\system\Common.php(1089): CodeIgniter\View\View->render('head', Array, true)
#2 C:\xampp\htdocs\cube-health\app\Views\cms\home_view.php(1): view('head')
#3 C:\xampp\htdocs\cube-health\system\View\View.php(210): include('C:\\xampp\\htdocs...')
#4 C:\xampp\htdocs\cube-health\system\View\View.php(213): CodeIgniter\View\View->CodeIgniter\View\{closure}()
#5 C:\xampp\htdocs\cube-health\system\Common.php(1089): CodeIgniter\View\View->render('cms/home_view', Array, true)
#6 C:\xampp\htdocs\cube-health\app\Controllers\UserController.php(106): view('cms/home_view')
#7 C:\xampp\htdocs\cube-health\system\CodeIgniter.php(832): App\Controllers\UserController->home()
#8 C:\xampp\htdocs\cube-health\system\CodeIgniter.php(419): CodeIgniter\CodeIgniter->runController(Object(App\Controllers\UserController))
#9 C:\xampp\htdocs\cube-health\system\CodeIgniter.php(326): CodeIgniter\CodeIgniter->handleRequest(NULL, Object(Config\Cache), false)
#10 C:\xampp\htdocs\cube-health\public\index.php(37): CodeIgniter\CodeIgniter->run()
#11 {main}
CRITICAL - 2022-04-05 01:01:38 --> Invalid file: sidebar_menu.php
#0 C:\xampp\htdocs\cube-health\system\View\View.php(198): CodeIgniter\Exceptions\FrameworkException::forInvalidFile('sidebar_menu.ph...')
#1 C:\xampp\htdocs\cube-health\system\Common.php(1089): CodeIgniter\View\View->render('sidebar_menu.ph...', Array, true)
#2 C:\xampp\htdocs\cube-health\app\Views\cms\home_view.php(11): view('sidebar_menu.ph...')
#3 C:\xampp\htdocs\cube-health\system\View\View.php(210): include('C:\\xampp\\htdocs...')
#4 C:\xampp\htdocs\cube-health\system\View\View.php(213): CodeIgniter\View\View->CodeIgniter\View\{closure}()
#5 C:\xampp\htdocs\cube-health\system\Common.php(1089): CodeIgniter\View\View->render('cms/home_view', Array, true)
#6 C:\xampp\htdocs\cube-health\app\Controllers\UserController.php(106): view('cms/home_view')
#7 C:\xampp\htdocs\cube-health\system\CodeIgniter.php(832): App\Controllers\UserController->home()
#8 C:\xampp\htdocs\cube-health\system\CodeIgniter.php(419): CodeIgniter\CodeIgniter->runController(Object(App\Controllers\UserController))
#9 C:\xampp\htdocs\cube-health\system\CodeIgniter.php(326): CodeIgniter\CodeIgniter->handleRequest(NULL, Object(Config\Cache), false)
#10 C:\xampp\htdocs\cube-health\public\index.php(37): CodeIgniter\CodeIgniter->run()
#11 {main}
CRITICAL - 2022-04-05 01:02:00 --> Undefined variable: products
#0 C:\xampp\htdocs\cube-health\app\Views\cms\home_view.php(81): CodeIgniter\Debug\Exceptions->errorHandler(8, 'Undefined varia...', 'C:\\xampp\\htdocs...', 81, Array)
#1 C:\xampp\htdocs\cube-health\system\View\View.php(210): include('C:\\xampp\\htdocs...')
#2 C:\xampp\htdocs\cube-health\system\View\View.php(213): CodeIgniter\View\View->CodeIgniter\View\{closure}()
#3 C:\xampp\htdocs\cube-health\system\Common.php(1089): CodeIgniter\View\View->render('cms/home_view', Array, true)
#4 C:\xampp\htdocs\cube-health\app\Controllers\UserController.php(106): view('cms/home_view')
#5 C:\xampp\htdocs\cube-health\system\CodeIgniter.php(832): App\Controllers\UserController->home()
#6 C:\xampp\htdocs\cube-health\system\CodeIgniter.php(419): CodeIgniter\CodeIgniter->runController(Object(App\Controllers\UserController))
#7 C:\xampp\htdocs\cube-health\system\CodeIgniter.php(326): CodeIgniter\CodeIgniter->handleRequest(NULL, Object(Config\Cache), false)
#8 C:\xampp\htdocs\cube-health\public\index.php(37): CodeIgniter\CodeIgniter->run()
#9 {main}
CRITICAL - 2022-04-05 02:29:33 --> count(): Parameter must be an array or an object that implements Countable
#0 C:\xampp\htdocs\cube-health\app\Views\cms\home_view.php(71): CodeIgniter\Debug\Exceptions->errorHandler(2, 'count(): Parame...', 'C:\\xampp\\htdocs...', 71, Array)
#1 C:\xampp\htdocs\cube-health\system\View\View.php(210): include('C:\\xampp\\htdocs...')
#2 C:\xampp\htdocs\cube-health\system\View\View.php(213): CodeIgniter\View\View->CodeIgniter\View\{closure}()
#3 C:\xampp\htdocs\cube-health\system\Common.php(1089): CodeIgniter\View\View->render('cms/home_view', Array, true)
#4 C:\xampp\htdocs\cube-health\app\Controllers\UserController.php(111): view('cms/home_view', Array)
#5 C:\xampp\htdocs\cube-health\system\CodeIgniter.php(832): App\Controllers\UserController->home()
#6 C:\xampp\htdocs\cube-health\system\CodeIgniter.php(419): CodeIgniter\CodeIgniter->runController(Object(App\Controllers\UserController))
#7 C:\xampp\htdocs\cube-health\system\CodeIgniter.php(326): CodeIgniter\CodeIgniter->handleRequest(NULL, Object(Config\Cache), false)
#8 C:\xampp\htdocs\cube-health\public\index.php(37): CodeIgniter\CodeIgniter->run()
#9 {main}
CRITICAL - 2022-04-05 03:00:53 --> Undefined variable: users_data
#0 C:\xampp\htdocs\cube-health\app\Views\cms\home_view.php(72): CodeIgniter\Debug\Exceptions->errorHandler(8, 'Undefined varia...', 'C:\\xampp\\htdocs...', 72, Array)
#1 C:\xampp\htdocs\cube-health\system\View\View.php(210): include('C:\\xampp\\htdocs...')
#2 C:\xampp\htdocs\cube-health\system\View\View.php(213): CodeIgniter\View\View->CodeIgniter\View\{closure}()
#3 C:\xampp\htdocs\cube-health\system\Common.php(1089): CodeIgniter\View\View->render('cms/home_view', Array, true)
#4 C:\xampp\htdocs\cube-health\app\Controllers\UserController.php(112): view('cms/home_view')
#5 C:\xampp\htdocs\cube-health\system\CodeIgniter.php(832): App\Controllers\UserController->home()
#6 C:\xampp\htdocs\cube-health\system\CodeIgniter.php(419): CodeIgniter\CodeIgniter->runController(Object(App\Controllers\UserController))
#7 C:\xampp\htdocs\cube-health\system\CodeIgniter.php(326): CodeIgniter\CodeIgniter->handleRequest(NULL, Object(Config\Cache), false)
#8 C:\xampp\htdocs\cube-health\public\index.php(37): CodeIgniter\CodeIgniter->run()
#9 {main}
CRITICAL - 2022-04-05 03:06:17 --> Argument 1 passed to CodeIgniter\Database\BaseBuilder::whereNotIn() must be of the type string or null, array given, called in C:\xampp\htdocs\cube-health\system\Model.php on line 728
#0 C:\xampp\htdocs\cube-health\system\Model.php(728): CodeIgniter\Database\BaseBuilder->whereNotIn(Array)
#1 C:\xampp\htdocs\cube-health\app\Controllers\UserController.php(111): CodeIgniter\Model->__call('whereNotIn', Array)
#2 C:\xampp\htdocs\cube-health\system\CodeIgniter.php(832): App\Controllers\UserController->home()
#3 C:\xampp\htdocs\cube-health\system\CodeIgniter.php(419): CodeIgniter\CodeIgniter->runController(Object(App\Controllers\UserController))
#4 C:\xampp\htdocs\cube-health\system\CodeIgniter.php(326): CodeIgniter\CodeIgniter->handleRequest(NULL, Object(Config\Cache), false)
#5 C:\xampp\htdocs\cube-health\public\index.php(37): CodeIgniter\CodeIgniter->run()
#6 {main}
CRITICAL - 2022-04-05 03:07:05 --> whereNotIn() expects $values to be of type array or closure
#0 C:\xampp\htdocs\cube-health\system\Database\BaseBuilder.php(757): CodeIgniter\Database\BaseBuilder->_whereIn('1', NULL, true, 'AND ', NULL)
#1 C:\xampp\htdocs\cube-health\system\Model.php(728): CodeIgniter\Database\BaseBuilder->whereNotIn('1')
#2 C:\xampp\htdocs\cube-health\app\Controllers\UserController.php(111): CodeIgniter\Model->__call('whereNotIn', Array)
#3 C:\xampp\htdocs\cube-health\system\CodeIgniter.php(832): App\Controllers\UserController->home()
#4 C:\xampp\htdocs\cube-health\system\CodeIgniter.php(419): CodeIgniter\CodeIgniter->runController(Object(App\Controllers\UserController))
#5 C:\xampp\htdocs\cube-health\system\CodeIgniter.php(326): CodeIgniter\CodeIgniter->handleRequest(NULL, Object(Config\Cache), false)
#6 C:\xampp\htdocs\cube-health\public\index.php(37): CodeIgniter\CodeIgniter->run()
#7 {main}
CRITICAL - 2022-04-05 03:33:04 --> Call to undefined method App\Models\User::getArray
#0 C:\xampp\htdocs\cube-health\app\Controllers\UserController.php(113): CodeIgniter\Model->__call('getArray', Array)
#1 C:\xampp\htdocs\cube-health\system\CodeIgniter.php(832): App\Controllers\UserController->home()
#2 C:\xampp\htdocs\cube-health\system\CodeIgniter.php(419): CodeIgniter\CodeIgniter->runController(Object(App\Controllers\UserController))
#3 C:\xampp\htdocs\cube-health\system\CodeIgniter.php(326): CodeIgniter\CodeIgniter->handleRequest(NULL, Object(Config\Cache), false)
#4 C:\xampp\htdocs\cube-health\public\index.php(37): CodeIgniter\CodeIgniter->run()
#5 {main}
CRITICAL - 2022-04-05 03:33:15 --> Call to undefined method App\Models\User::get_all
#0 C:\xampp\htdocs\cube-health\app\Controllers\UserController.php(113): CodeIgniter\Model->__call('get_all', Array)
#1 C:\xampp\htdocs\cube-health\system\CodeIgniter.php(832): App\Controllers\UserController->home()
#2 C:\xampp\htdocs\cube-health\system\CodeIgniter.php(419): CodeIgniter\CodeIgniter->runController(Object(App\Controllers\UserController))
#3 C:\xampp\htdocs\cube-health\system\CodeIgniter.php(326): CodeIgniter\CodeIgniter->handleRequest(NULL, Object(Config\Cache), false)
#4 C:\xampp\htdocs\cube-health\public\index.php(37): CodeIgniter\CodeIgniter->run()
#5 {main}
CRITICAL - 2022-04-05 03:41:33 --> Call to undefined method App\Models\User::result_array
#0 C:\xampp\htdocs\cube-health\app\Controllers\UserController.php(113): CodeIgniter\Model->__call('result_array', Array)
#1 C:\xampp\htdocs\cube-health\system\CodeIgniter.php(832): App\Controllers\UserController->home()
#2 C:\xampp\htdocs\cube-health\system\CodeIgniter.php(419): CodeIgniter\CodeIgniter->runController(Object(App\Controllers\UserController))
#3 C:\xampp\htdocs\cube-health\system\CodeIgniter.php(326): CodeIgniter\CodeIgniter->handleRequest(NULL, Object(Config\Cache), false)
#4 C:\xampp\htdocs\cube-health\public\index.php(37): CodeIgniter\CodeIgniter->run()
#5 {main}
CRITICAL - 2022-04-05 03:45:47 --> Call to undefined method CodeIgniter\Database\MySQLi\Result::toArray()
#0 C:\xampp\htdocs\cube-health\system\CodeIgniter.php(832): App\Controllers\UserController->home()
#1 C:\xampp\htdocs\cube-health\system\CodeIgniter.php(419): CodeIgniter\CodeIgniter->runController(Object(App\Controllers\UserController))
#2 C:\xampp\htdocs\cube-health\system\CodeIgniter.php(326): CodeIgniter\CodeIgniter->handleRequest(NULL, Object(Config\Cache), false)
#3 C:\xampp\htdocs\cube-health\public\index.php(37): CodeIgniter\CodeIgniter->run()
#4 {main}
CRITICAL - 2022-04-05 03:47:48 --> Call to undefined method App\Models\User::toArray
#0 C:\xampp\htdocs\cube-health\app\Controllers\UserController.php(113): CodeIgniter\Model->__call('toArray', Array)
#1 C:\xampp\htdocs\cube-health\system\CodeIgniter.php(832): App\Controllers\UserController->home()
#2 C:\xampp\htdocs\cube-health\system\CodeIgniter.php(419): CodeIgniter\CodeIgniter->runController(Object(App\Controllers\UserController))
#3 C:\xampp\htdocs\cube-health\system\CodeIgniter.php(326): CodeIgniter\CodeIgniter->handleRequest(NULL, Object(Config\Cache), false)
#4 C:\xampp\htdocs\cube-health\public\index.php(37): CodeIgniter\CodeIgniter->run()
#5 {main}
CRITICAL - 2022-04-05 03:56:54 --> Call to undefined method App\Models\User::getResultArray
#0 C:\xampp\htdocs\cube-health\app\Controllers\UserController.php(113): CodeIgniter\Model->__call('getResultArray', Array)
#1 C:\xampp\htdocs\cube-health\system\CodeIgniter.php(832): App\Controllers\UserController->home()
#2 C:\xampp\htdocs\cube-health\system\CodeIgniter.php(419): CodeIgniter\CodeIgniter->runController(Object(App\Controllers\UserController))
#3 C:\xampp\htdocs\cube-health\system\CodeIgniter.php(326): CodeIgniter\CodeIgniter->handleRequest(NULL, Object(Config\Cache), false)
#4 C:\xampp\htdocs\cube-health\public\index.php(37): CodeIgniter\CodeIgniter->run()
#5 {main}
CRITICAL - 2022-04-05 03:58:12 --> Call to undefined method App\Models\User::getRowArray
#0 C:\xampp\htdocs\cube-health\app\Controllers\UserController.php(113): CodeIgniter\Model->__call('getRowArray', Array)
#1 C:\xampp\htdocs\cube-health\system\CodeIgniter.php(832): App\Controllers\UserController->home()
#2 C:\xampp\htdocs\cube-health\system\CodeIgniter.php(419): CodeIgniter\CodeIgniter->runController(Object(App\Controllers\UserController))
#3 C:\xampp\htdocs\cube-health\system\CodeIgniter.php(326): CodeIgniter\CodeIgniter->handleRequest(NULL, Object(Config\Cache), false)
#4 C:\xampp\htdocs\cube-health\public\index.php(37): CodeIgniter\CodeIgniter->run()
#5 {main}
CRITICAL - 2022-04-05 04:01:14 --> Call to undefined method App\Models\User::getResultArray
#0 C:\xampp\htdocs\cube-health\app\Controllers\UserController.php(113): CodeIgniter\Model->__call('getResultArray', Array)
#1 C:\xampp\htdocs\cube-health\system\CodeIgniter.php(832): App\Controllers\UserController->home()
#2 C:\xampp\htdocs\cube-health\system\CodeIgniter.php(419): CodeIgniter\CodeIgniter->runController(Object(App\Controllers\UserController))
#3 C:\xampp\htdocs\cube-health\system\CodeIgniter.php(326): CodeIgniter\CodeIgniter->handleRequest(NULL, Object(Config\Cache), false)
#4 C:\xampp\htdocs\cube-health\public\index.php(37): CodeIgniter\CodeIgniter->run()
#5 {main}
CRITICAL - 2022-04-05 04:01:28 --> Call to undefined method CodeIgniter\Database\MySQLi\Result::ResultArray()
#0 C:\xampp\htdocs\cube-health\system\CodeIgniter.php(832): App\Controllers\UserController->home()
#1 C:\xampp\htdocs\cube-health\system\CodeIgniter.php(419): CodeIgniter\CodeIgniter->runController(Object(App\Controllers\UserController))
#2 C:\xampp\htdocs\cube-health\system\CodeIgniter.php(326): CodeIgniter\CodeIgniter->handleRequest(NULL, Object(Config\Cache), false)
#3 C:\xampp\htdocs\cube-health\public\index.php(37): CodeIgniter\CodeIgniter->run()
#4 {main}
CRITICAL - 2022-04-05 04:38:08 --> Call to undefined method App\Models\User::select()
#0 C:\xampp\htdocs\cube-health\system\CodeIgniter.php(832): App\Controllers\UserController->home()
#1 C:\xampp\htdocs\cube-health\system\CodeIgniter.php(419): CodeIgniter\CodeIgniter->runController(Object(App\Controllers\UserController))
#2 C:\xampp\htdocs\cube-health\system\CodeIgniter.php(326): CodeIgniter\CodeIgniter->handleRequest(NULL, Object(Config\Cache), false)
#3 C:\xampp\htdocs\cube-health\public\index.php(37): CodeIgniter\CodeIgniter->run()
#4 {main}
CRITICAL - 2022-04-05 04:46:06 --> Class 'mobile' not found
#0 C:\xampp\htdocs\cube-health\system\Model.php(726): CodeIgniter\Database\BaseConnection->query('id', 'name', true, 'mobile', 'mobile_otp', 'role', 'access', 'created_at', 'updated_at')
#1 C:\xampp\htdocs\cube-health\app\Controllers\UserController.php(111): CodeIgniter\Model->__call('query', Array)
#2 C:\xampp\htdocs\cube-health\system\CodeIgniter.php(832): App\Controllers\UserController->home()
#3 C:\xampp\htdocs\cube-health\system\CodeIgniter.php(419): CodeIgniter\CodeIgniter->runController(Object(App\Controllers\UserController))
#4 C:\xampp\htdocs\cube-health\system\CodeIgniter.php(326): CodeIgniter\CodeIgniter->handleRequest(NULL, Object(Config\Cache), false)
#5 C:\xampp\htdocs\cube-health\public\index.php(37): CodeIgniter\CodeIgniter->run()
#6 {main}
ERROR - 2022-04-05 04:56:01 --> You have an error in your SQL syntax; check the manual that corresponds to your MariaDB server version for the right syntax to use near 'WHERE `id` NOT IN (1) 
        AND `access` = 0' at line 4
CRITICAL - 2022-04-05 04:56:01 --> You have an error in your SQL syntax; check the manual that corresponds to your MariaDB server version for the right syntax to use near 'WHERE `id` NOT IN (1) 
        AND `access` = 0' at line 4
#0 C:\xampp\htdocs\cube-health\system\Database\MySQLi\Connection.php(292): mysqli->query('SELECT `id`, `n...', 0)
#1 C:\xampp\htdocs\cube-health\system\Database\BaseConnection.php(670): CodeIgniter\Database\MySQLi\Connection->execute('SELECT `id`, `n...')
#2 C:\xampp\htdocs\cube-health\system\Database\BaseConnection.php(598): CodeIgniter\Database\BaseConnection->simpleQuery('SELECT `id`, `n...')
#3 C:\xampp\htdocs\cube-health\app\Models\User.php(52): CodeIgniter\Database\BaseConnection->query('SELECT `id`, `n...')
#4 C:\xampp\htdocs\cube-health\app\Controllers\UserController.php(111): App\Models\User->get_user_list()
#5 C:\xampp\htdocs\cube-health\system\CodeIgniter.php(832): App\Controllers\UserController->home()
#6 C:\xampp\htdocs\cube-health\system\CodeIgniter.php(419): CodeIgniter\CodeIgniter->runController(Object(App\Controllers\UserController))
#7 C:\xampp\htdocs\cube-health\system\CodeIgniter.php(326): CodeIgniter\CodeIgniter->handleRequest(NULL, Object(Config\Cache), false)
#8 C:\xampp\htdocs\cube-health\public\index.php(37): CodeIgniter\CodeIgniter->run()
#9 {main}
CRITICAL - 2022-04-05 05:28:03 --> Undefined variable: product
#0 C:\xampp\htdocs\cube-health\app\Views\cms\home_view.php(82): CodeIgniter\Debug\Exceptions->errorHandler(8, 'Undefined varia...', 'C:\\xampp\\htdocs...', 82, Array)
#1 C:\xampp\htdocs\cube-health\system\View\View.php(210): include('C:\\xampp\\htdocs...')
#2 C:\xampp\htdocs\cube-health\system\View\View.php(213): CodeIgniter\View\View->CodeIgniter\View\{closure}()
#3 C:\xampp\htdocs\cube-health\system\Common.php(1089): CodeIgniter\View\View->render('cms/home_view', Array, true)
#4 C:\xampp\htdocs\cube-health\app\Controllers\UserController.php(117): view('cms/home_view', Array)
#5 C:\xampp\htdocs\cube-health\system\CodeIgniter.php(832): App\Controllers\UserController->home()
#6 C:\xampp\htdocs\cube-health\system\CodeIgniter.php(419): CodeIgniter\CodeIgniter->runController(Object(App\Controllers\UserController))
#7 C:\xampp\htdocs\cube-health\system\CodeIgniter.php(326): CodeIgniter\CodeIgniter->handleRequest(NULL, Object(Config\Cache), false)
#8 C:\xampp\htdocs\cube-health\public\index.php(37): CodeIgniter\CodeIgniter->run()
#9 {main}
CRITICAL - 2022-04-05 05:28:50 --> Undefined variable: product
#0 C:\xampp\htdocs\cube-health\app\Views\cms\home_view.php(82): CodeIgniter\Debug\Exceptions->errorHandler(8, 'Undefined varia...', 'C:\\xampp\\htdocs...', 82, Array)
#1 C:\xampp\htdocs\cube-health\system\View\View.php(210): include('C:\\xampp\\htdocs...')
#2 C:\xampp\htdocs\cube-health\system\View\View.php(213): CodeIgniter\View\View->CodeIgniter\View\{closure}()
#3 C:\xampp\htdocs\cube-health\system\Common.php(1089): CodeIgniter\View\View->render('cms/home_view', Array, true)
#4 C:\xampp\htdocs\cube-health\app\Controllers\UserController.php(117): view('cms/home_view', Array)
#5 C:\xampp\htdocs\cube-health\system\CodeIgniter.php(832): App\Controllers\UserController->home()
#6 C:\xampp\htdocs\cube-health\system\CodeIgniter.php(419): CodeIgniter\CodeIgniter->runController(Object(App\Controllers\UserController))
#7 C:\xampp\htdocs\cube-health\system\CodeIgniter.php(326): CodeIgniter\CodeIgniter->handleRequest(NULL, Object(Config\Cache), false)
#8 C:\xampp\htdocs\cube-health\public\index.php(37): CodeIgniter\CodeIgniter->run()
#9 {main}
CRITICAL - 2022-04-05 07:17:05 --> count(): Parameter must be an array or an object that implements Countable
#0 C:\xampp\htdocs\cube-health\app\Views\cms\home_view.php(60): CodeIgniter\Debug\Exceptions->errorHandler(2, 'count(): Parame...', 'C:\\xampp\\htdocs...', 60, Array)
#1 C:\xampp\htdocs\cube-health\system\View\View.php(210): include('C:\\xampp\\htdocs...')
#2 C:\xampp\htdocs\cube-health\system\View\View.php(213): CodeIgniter\View\View->CodeIgniter\View\{closure}()
#3 C:\xampp\htdocs\cube-health\system\Common.php(1089): CodeIgniter\View\View->render('cms/home_view', Array, true)
#4 C:\xampp\htdocs\cube-health\app\Controllers\UserController.php(117): view('cms/home_view', Array)
#5 C:\xampp\htdocs\cube-health\system\CodeIgniter.php(832): App\Controllers\UserController->home()
#6 C:\xampp\htdocs\cube-health\system\CodeIgniter.php(419): CodeIgniter\CodeIgniter->runController(Object(App\Controllers\UserController))
#7 C:\xampp\htdocs\cube-health\system\CodeIgniter.php(326): CodeIgniter\CodeIgniter->handleRequest(NULL, Object(Config\Cache), false)
#8 C:\xampp\htdocs\cube-health\public\index.php(37): CodeIgniter\CodeIgniter->run()
#9 {main}
ERROR - 2022-04-05 07:53:06 --> You have an error in your SQL syntax; check the manual that corresponds to your MariaDB server version for the right syntax to use near '(4294967295) NULL DEFAULT NULL,
	`access` tinyint(1) NOT NULL DEFAULT '1',
	c...' at line 6
ERROR - 2022-04-05 07:54:26 --> You have an error in your SQL syntax; check the manual that corresponds to your MariaDB server version for the right syntax to use near '(4294967295) NULL DEFAULT NULL,
	`access` tinyint(1) NOT NULL DEFAULT '1',
	c...' at line 6
ERROR - 2022-04-05 07:54:44 --> You have an error in your SQL syntax; check the manual that corresponds to your MariaDB server version for the right syntax to use near '(5000) NULL DEFAULT NULL,
	`access` tinyint(1) NOT NULL DEFAULT '1',
	created...' at line 6
ERROR - 2022-04-05 07:55:04 --> You have an error in your SQL syntax; check the manual that corresponds to your MariaDB server version for the right syntax to use near '(500) NULL DEFAULT NULL,
	`access` tinyint(1) NOT NULL DEFAULT '1',
	created_...' at line 6
ERROR - 2022-04-05 07:57:30 --> You have an error in your SQL syntax; check the manual that corresponds to your MariaDB server version for the right syntax to use near '(200) NULL DEFAULT NULL,
	`access` tinyint(1) NOT NULL DEFAULT '1',
	created_...' at line 6
ERROR - 2022-04-05 07:58:26 --> You have an error in your SQL syntax; check the manual that corresponds to your MariaDB server version for the right syntax to use near '(200) NOT NULL,
	`access` tinyint(1) NOT NULL DEFAULT '1',
	created_at dateti...' at line 6
ERROR - 2022-04-05 08:10:18 --> Unknown column 'role' in 'where clause'
CRITICAL - 2022-04-05 08:10:18 --> Unknown column 'role' in 'where clause'
#0 C:\xampp\htdocs\cube-health\system\Database\MySQLi\Connection.php(292): mysqli->query('SELECT `id`, `u...', 0)
#1 C:\xampp\htdocs\cube-health\system\Database\BaseConnection.php(670): CodeIgniter\Database\MySQLi\Connection->execute('SELECT `id`, `u...')
#2 C:\xampp\htdocs\cube-health\system\Database\BaseConnection.php(598): CodeIgniter\Database\BaseConnection->simpleQuery('SELECT `id`, `u...')
#3 C:\xampp\htdocs\cube-health\app\Models\User.php(65): CodeIgniter\Database\BaseConnection->query('SELECT `id`, `u...')
#4 C:\xampp\htdocs\cube-health\app\Controllers\UserController.php(114): App\Models\User->get_user_doc_list()
#5 C:\xampp\htdocs\cube-health\system\CodeIgniter.php(832): App\Controllers\UserController->home()
#6 C:\xampp\htdocs\cube-health\system\CodeIgniter.php(419): CodeIgniter\CodeIgniter->runController(Object(App\Controllers\UserController))
#7 C:\xampp\htdocs\cube-health\system\CodeIgniter.php(326): CodeIgniter\CodeIgniter->handleRequest(NULL, Object(Config\Cache), false)
#8 C:\xampp\htdocs\cube-health\public\index.php(37): CodeIgniter\CodeIgniter->run()
#9 {main}
ERROR - 2022-04-05 08:12:37 --> Column 'id' in field list is ambiguous
CRITICAL - 2022-04-05 08:12:37 --> Column 'id' in field list is ambiguous
#0 C:\xampp\htdocs\cube-health\system\Database\MySQLi\Connection.php(292): mysqli->query('SELECT `id`, `u...', 0)
#1 C:\xampp\htdocs\cube-health\system\Database\BaseConnection.php(670): CodeIgniter\Database\MySQLi\Connection->execute('SELECT `id`, `u...')
#2 C:\xampp\htdocs\cube-health\system\Database\BaseConnection.php(598): CodeIgniter\Database\BaseConnection->simpleQuery('SELECT `id`, `u...')
#3 C:\xampp\htdocs\cube-health\app\Models\User.php(66): CodeIgniter\Database\BaseConnection->query('SELECT `id`, `u...')
#4 C:\xampp\htdocs\cube-health\app\Controllers\UserController.php(114): App\Models\User->get_user_doc_list()
#5 C:\xampp\htdocs\cube-health\system\CodeIgniter.php(832): App\Controllers\UserController->home()
#6 C:\xampp\htdocs\cube-health\system\CodeIgniter.php(419): CodeIgniter\CodeIgniter->runController(Object(App\Controllers\UserController))
#7 C:\xampp\htdocs\cube-health\system\CodeIgniter.php(326): CodeIgniter\CodeIgniter->handleRequest(NULL, Object(Config\Cache), false)
#8 C:\xampp\htdocs\cube-health\public\index.php(37): CodeIgniter\CodeIgniter->run()
#9 {main}
ERROR - 2022-04-05 08:53:02 --> Table 'qube-health.userdocuments' doesn't exist
CRITICAL - 2022-04-05 08:53:02 --> Table 'qube-health.userdocuments' doesn't exist
#0 C:\xampp\htdocs\cube-health\system\Database\MySQLi\Connection.php(292): mysqli->query('INSERT INTO `us...', 0)
#1 C:\xampp\htdocs\cube-health\system\Database\BaseConnection.php(670): CodeIgniter\Database\MySQLi\Connection->execute('INSERT INTO `us...')
#2 C:\xampp\htdocs\cube-health\system\Database\BaseConnection.php(598): CodeIgniter\Database\BaseConnection->simpleQuery('INSERT INTO `us...')
#3 C:\xampp\htdocs\cube-health\system\Database\BaseBuilder.php(1771): CodeIgniter\Database\BaseConnection->query('INSERT INTO `us...', Array, false)
#4 C:\xampp\htdocs\cube-health\system\Model.php(239): CodeIgniter\Database\BaseBuilder->insert()
#5 C:\xampp\htdocs\cube-health\system\BaseModel.php(738): CodeIgniter\Model->doInsert(Array)
#6 C:\xampp\htdocs\cube-health\system\Model.php(625): CodeIgniter\BaseModel->insert(Array, false)
#7 C:\xampp\htdocs\cube-health\system\BaseModel.php(658): CodeIgniter\Model->insert(Array, false)
#8 C:\xampp\htdocs\cube-health\app\Controllers\UserController.php(187): CodeIgniter\BaseModel->save(Array)
#9 C:\xampp\htdocs\cube-health\system\CodeIgniter.php(832): App\Controllers\UserController->documentstore()
#10 C:\xampp\htdocs\cube-health\system\CodeIgniter.php(419): CodeIgniter\CodeIgniter->runController(Object(App\Controllers\UserController))
#11 C:\xampp\htdocs\cube-health\system\CodeIgniter.php(326): CodeIgniter\CodeIgniter->handleRequest(NULL, Object(Config\Cache), false)
#12 C:\xampp\htdocs\cube-health\public\index.php(37): CodeIgniter\CodeIgniter->run()
#13 {main}
CRITICAL - 2022-04-05 09:02:25 --> file_get_contents(application/pdf): failed to open stream: No such file or directory
#0 [internal function]: CodeIgniter\Debug\Exceptions->errorHandler(2, 'file_get_conten...', 'C:\\xampp\\htdocs...', 181, Array)
#1 C:\xampp\htdocs\cube-health\app\Controllers\UserController.php(181): file_get_contents('application/pdf')
#2 C:\xampp\htdocs\cube-health\system\CodeIgniter.php(832): App\Controllers\UserController->documentstore()
#3 C:\xampp\htdocs\cube-health\system\CodeIgniter.php(419): CodeIgniter\CodeIgniter->runController(Object(App\Controllers\UserController))
#4 C:\xampp\htdocs\cube-health\system\CodeIgniter.php(326): CodeIgniter\CodeIgniter->handleRequest(NULL, Object(Config\Cache), false)
#5 C:\xampp\htdocs\cube-health\public\index.php(37): CodeIgniter\CodeIgniter->run()
#6 {main}
CRITICAL - 2022-04-05 09:26:45 --> syntax error, unexpected '}', expecting end of file
#0 C:\xampp\htdocs\cube-health\system\View\View.php(213): CodeIgniter\View\View->CodeIgniter\View\{closure}()
#1 C:\xampp\htdocs\cube-health\system\Common.php(1089): CodeIgniter\View\View->render('cms/home_view', Array, true)
#2 C:\xampp\htdocs\cube-health\app\Controllers\UserController.php(120): view('cms/home_view', Array)
#3 C:\xampp\htdocs\cube-health\system\CodeIgniter.php(832): App\Controllers\UserController->home()
#4 C:\xampp\htdocs\cube-health\system\CodeIgniter.php(419): CodeIgniter\CodeIgniter->runController(Object(App\Controllers\UserController))
#5 C:\xampp\htdocs\cube-health\system\CodeIgniter.php(326): CodeIgniter\CodeIgniter->handleRequest(NULL, Object(Config\Cache), false)
#6 C:\xampp\htdocs\cube-health\public\index.php(37): CodeIgniter\CodeIgniter->run()
#7 {main}
